1663764563.278813 client started (8279): version 2.6, socket /tmp/tmux-1000/cloud92.2, protocol 8
1663764563.278842 on Linux 5.4.0-1078-aws #84~18.04.1-Ubuntu SMP Fri Jun 3 12:59:49 UTC 2022; libevent 2.1.8-stable (poll)
1663764563.278861 socket is /tmp/tmux-1000/cloud92.2
1663764563.278873 trying connect
1663764563.278999 add peer 0x56415acaf410: 7 ((nil))
1663764563.279048 sending message 100 to peer 0x56415acaf410 (4 bytes)
1663764563.279055 sending message 101 to peer 0x56415acaf410 (7 bytes)
1663764563.279059 sending message 102 to peer 0x56415acaf410 (11 bytes)
1663764563.279063 sending message 108 to peer 0x56415acaf410 (49 bytes)
1663764563.279068 sending message 104 to peer 0x56415acaf410 (0 bytes)
1663764563.279072 sending message 107 to peer 0x56415acaf410 (4 bytes)
1663764563.279076 sending message 105 to peer 0x56415acaf410 (26 bytes)
1663764563.279082 sending message 105 to peer 0x56415acaf410 (53 bytes)
1663764563.279086 sending message 105 to peer 0x56415acaf410 (15 bytes)
1663764563.279090 sending message 105 to peer 0x56415acaf410 (13 bytes)
1663764563.279093 sending message 105 to peer 0x56415acaf410 (35 bytes)
1663764563.279097 sending message 105 to peer 0x56415acaf410 (44 bytes)
1663764563.279101 sending message 105 to peer 0x56415acaf410 (8 bytes)
1663764563.279104 sending message 105 to peer 0x56415acaf410 (40 bytes)
1663764563.279108 sending message 105 to peer 0x56415acaf410 (28 bytes)
1663764563.279111 sending message 105 to peer 0x56415acaf410 (24 bytes)
1663764563.279115 sending message 105 to peer 0x56415acaf410 (43 bytes)
1663764563.279119 sending message 105 to peer 0x56415acaf410 (14 bytes)
1663764563.279122 sending message 105 to peer 0x56415acaf410 (40 bytes)
1663764563.279126 sending message 105 to peer 0x56415acaf410 (17 bytes)
1663764563.279129 sending message 105 to peer 0x56415acaf410 (12 bytes)
1663764563.279133 sending message 105 to peer 0x56415acaf410 (12 bytes)
1663764563.279136 sending message 105 to peer 0x56415acaf410 (53 bytes)
1663764563.279142 sending message 105 to peer 0x56415acaf410 (18 bytes)
1663764563.279146 sending message 105 to peer 0x56415acaf410 (25 bytes)
1663764563.279149 sending message 105 to peer 0x56415acaf410 (35 bytes)
1663764563.279153 sending message 105 to peer 0x56415acaf410 (37 bytes)
1663764563.279156 sending message 105 to peer 0x56415acaf410 (65 bytes)
1663764563.279160 sending message 105 to peer 0x56415acaf410 (42 bytes)
1663764563.279164 sending message 105 to peer 0x56415acaf410 (59 bytes)
1663764563.279167 sending message 105 to peer 0x56415acaf410 (26 bytes)
1663764563.279171 sending message 105 to peer 0x56415acaf410 (84 bytes)
1663764563.279174 sending message 105 to peer 0x56415acaf410 (10 bytes)
1663764563.279178 sending message 105 to peer 0x56415acaf410 (27 bytes)
1663764563.279182 sending message 105 to peer 0x56415acaf410 (22 bytes)
1663764563.279185 sending message 105 to peer 0x56415acaf410 (13 bytes)
1663764563.279189 sending message 105 to peer 0x56415acaf410 (16 bytes)
1663764563.279192 sending message 105 to peer 0x56415acaf410 (12 bytes)
1663764563.279198 sending message 105 to peer 0x56415acaf410 (11 bytes)
1663764563.279202 sending message 105 to peer 0x56415acaf410 (53 bytes)
1663764563.279205 sending message 105 to peer 0x56415acaf410 (24 bytes)
1663764563.279209 sending message 105 to peer 0x56415acaf410 (46 bytes)
1663764563.279213 sending message 105 to peer 0x56415acaf410 (13 bytes)
1663764563.279216 sending message 105 to peer 0x56415acaf410 (8 bytes)
1663764563.279220 sending message 105 to peer 0x56415acaf410 (27 bytes)
1663764563.279223 sending message 105 to peer 0x56415acaf410 (178 bytes)
1663764563.279227 sending message 105 to peer 0x56415acaf410 (15 bytes)
1663764563.279231 sending message 105 to peer 0x56415acaf410 (54 bytes)
1663764563.279234 sending message 105 to peer 0x56415acaf410 (31 bytes)
1663764563.279238 sending message 105 to peer 0x56415acaf410 (13 bytes)
1663764563.279241 sending message 105 to peer 0x56415acaf410 (49 bytes)
1663764563.279252 sending message 105 to peer 0x56415acaf410 (795 bytes)
1663764563.279263 sending message 105 to peer 0x56415acaf410 (16 bytes)
1663764563.279267 sending message 105 to peer 0x56415acaf410 (49 bytes)
1663764563.279271 sending message 105 to peer 0x56415acaf410 (20 bytes)
1663764563.279275 sending message 105 to peer 0x56415acaf410 (16 bytes)
1663764563.279278 sending message 105 to peer 0x56415acaf410 (16 bytes)
1663764563.279282 sending message 106 to peer 0x56415acaf410 (0 bytes)
1663764563.279286 sending message 200 to peer 0x56415acaf410 (4 bytes)
1663764563.279290 client loop enter
1663764563.279597 peer 0x56415acaf410 message 211
1663764563.280194 peer 0x56415acaf410 message 203
1663764563.280204 client loop exit
